2021-03-16 19:39:58.972 INFO  [main] c.c.h.s.WebApplication [50] -  Starting WebApplication on linxingweideMacBook-Air.local with PID 11675 (/Users/linxingwei/Documents/us/hzman-manager/hzman-server/target/classes started by linxingwei in /Users/linxingwei/Documents/us/hzman-manager)
2021-03-16 19:39:58.985 INFO  [main] c.c.h.s.WebApplication [650] -  The following profiles are active: test
2021-03-16 19:40:01.692 INFO  [main] o.s.c.s.PostProcessorRegistrationDelegate$BeanPostProcessorChecker [330] -  Bean 'org.springframework.transaction.annotation.ProxyTransactionManagementConfiguration' of type [org.springframework.transaction.annotation.ProxyTransactionManagementConfiguration$$EnhancerBySpringCGLIB$$da143b41] is not eligible for getting processed by all BeanPostProcessors (for example: not eligible for auto-proxying)
2021-03-16 19:40:02.277 INFO  [main] o.s.b.w.e.t.TomcatWebServer [90] -  Tomcat initialized with port(s): 8082 (http)
2021-03-16 19:40:02.316 INFO  [main] o.a.c.h.Http11NioProtocol [173] -  Initializing ProtocolHandler ["http-nio-8082"]
2021-03-16 19:40:02.333 INFO  [main] o.a.c.c.StandardService [173] -  Starting service [Tomcat]
2021-03-16 19:40:02.334 INFO  [main] o.a.c.c.StandardEngine [173] -  Starting Servlet engine: [Apache Tomcat/9.0.21]
2021-03-16 19:40:02.558 INFO  [main] o.a.c.c.C.[.[.[/hzman] [173] -  Initializing Spring embedded WebApplicationContext
2021-03-16 19:40:02.559 INFO  [main] o.s.w.c.ContextLoader [283] -  Root WebApplicationContext: initialization completed in 3465 ms
2021-03-16 19:40:02.705 INFO  [main] c.c.h.c.c.MybatisPlusConfig [44] -  ------------- 重载父类 sqlSessionFactory init-------
2021-03-16 19:40:02.933 INFO  [main] c.z.h.HikariDataSource [110] -  HikariPool-1 - Starting...
2021-03-16 19:40:02.941 WARN  [main] c.z.h.u.DriverDataSource [68] -  Registered driver with driverClassName=com.mysql.jdbc.Driver was not found, trying direct instantiation.
2021-03-16 19:40:04.112 INFO  [main] c.z.h.HikariDataSource [123] -  HikariPool-1 - Start completed.
2021-03-16 19:40:04.624 INFO  [main] o.s.s.c.ThreadPoolTaskExecutor [171] -  Initializing ExecutorService
2021-03-16 19:40:04.627 INFO  [main] o.s.s.c.ThreadPoolTaskExecutor [171] -  Initializing ExecutorService 'backTaskExecutor'
2021-03-16 19:40:07.478 INFO  [main] c.c.h.s.t.OrderSpiderTask [100] -  测试环境关闭爬虫任务
2021-03-16 19:40:07.516 INFO  [main] c.c.h.s.t.ShipmentSpiderTask [66] -  测试环境关闭爬虫任务
2021-03-16 19:40:07.559 INFO  [商品详情缓存线程] c.c.h.s.c.ItemDetailCache [101] -  商品详情缓存加载流程开始，需缓存个数：1848
2021-03-16 19:41:37.678 WARN  [HikariPool-1 housekeeper] c.z.h.p.HikariPool [766] -  HikariPool-1 - Thread starvation or clock leap detected (housekeeper delta=48s894ms).
2021-03-16 20:12:44.929 INFO  [main] c.c.h.s.WebApplication [50] -  Starting WebApplication on linxingweideMacBook-Air.local with PID 11885 (/Users/linxingwei/Documents/us/hzman-manager/hzman-server/target/classes started by linxingwei in /Users/linxingwei/Documents/us/hzman-manager)
2021-03-16 20:12:44.937 INFO  [main] c.c.h.s.WebApplication [650] -  The following profiles are active: test
2021-03-16 20:12:47.584 INFO  [main] o.s.c.s.PostProcessorRegistrationDelegate$BeanPostProcessorChecker [330] -  Bean 'org.springframework.transaction.annotation.ProxyTransactionManagementConfiguration' of type [org.springframework.transaction.annotation.ProxyTransactionManagementConfiguration$$EnhancerBySpringCGLIB$$96c8497f] is not eligible for getting processed by all BeanPostProcessors (for example: not eligible for auto-proxying)
2021-03-16 20:12:48.187 INFO  [main] o.s.b.w.e.t.TomcatWebServer [90] -  Tomcat initialized with port(s): 8082 (http)
2021-03-16 20:12:48.224 INFO  [main] o.a.c.h.Http11NioProtocol [173] -  Initializing ProtocolHandler ["http-nio-8082"]
2021-03-16 20:12:48.239 INFO  [main] o.a.c.c.StandardService [173] -  Starting service [Tomcat]
2021-03-16 20:12:48.240 INFO  [main] o.a.c.c.StandardEngine [173] -  Starting Servlet engine: [Apache Tomcat/9.0.21]
2021-03-16 20:12:48.489 INFO  [main] o.a.c.c.C.[.[.[/hzman] [173] -  Initializing Spring embedded WebApplicationContext
2021-03-16 20:12:48.490 INFO  [main] o.s.w.c.ContextLoader [283] -  Root WebApplicationContext: initialization completed in 3471 ms
2021-03-16 20:12:48.736 INFO  [main] c.c.h.c.c.MybatisPlusConfig [44] -  ------------- 重载父类 sqlSessionFactory init-------
2021-03-16 20:12:49.054 INFO  [main] c.z.h.HikariDataSource [110] -  HikariPool-1 - Starting...
2021-03-16 20:12:49.063 WARN  [main] c.z.h.u.DriverDataSource [68] -  Registered driver with driverClassName=com.mysql.jdbc.Driver was not found, trying direct instantiation.
2021-03-16 20:12:50.370 INFO  [main] c.z.h.HikariDataSource [123] -  HikariPool-1 - Start completed.
2021-03-16 20:12:50.878 INFO  [main] o.s.s.c.ThreadPoolTaskExecutor [171] -  Initializing ExecutorService
2021-03-16 20:12:50.882 INFO  [main] o.s.s.c.ThreadPoolTaskExecutor [171] -  Initializing ExecutorService 'backTaskExecutor'
2021-03-16 20:12:53.671 INFO  [商品详情缓存线程] c.c.h.s.c.ItemDetailCache [101] -  商品详情缓存加载流程开始，需缓存个数：1848
2021-03-16 20:12:59.301 INFO  [main] c.c.h.s.t.OrderSpiderTask [100] -  测试环境关闭爬虫任务
2021-03-16 20:12:59.699 INFO  [pool-3-thread-1] c.c.h.s.t.ShipmentSpiderTask [101] -  货物入库单爬取开始
2021-03-16 20:13:03.999 INFO  [main] s.d.s.w.PropertySourcedRequestMappingHandlerMapping [69] -  Mapped URL path [/v2/api-docs] onto method [public org.springframework.http.ResponseEntity<springfox.documentation.spring.web.json.Json> springfox.documentation.swagger2.web.Swagger2Controller.getDocumentation(java.lang.String,javax.servlet.http.HttpServletRequest)]
2021-03-16 20:13:05.607 INFO  [main] o.s.s.c.ThreadPoolTaskScheduler [171] -  Initializing ExecutorService 'taskScheduler'
2021-03-16 20:13:05.736 INFO  [main] s.d.s.w.p.DocumentationPluginsBootstrapper [160] -  Context refreshed
2021-03-16 20:13:05.797 INFO  [main] s.d.s.w.p.DocumentationPluginsBootstrapper [163] -  Found 1 custom documentation plugin(s)
2021-03-16 20:13:05.947 INFO  [main] s.d.s.w.s.ApiListingReferenceScanner [41] -  Scanning for api listing references
2021-03-16 20:13:06.527 INFO  [main] s.d.s.w.r.o.CachingOperationNameGenerator [40] -  Generating unique operation named: payUsingGET_1
2021-03-16 20:13:06.576 INFO  [main] s.d.s.w.r.o.CachingOperationNameGenerator [40] -  Generating unique operation named: indexUsingGET_1
2021-03-16 20:13:06.578 INFO  [main] s.d.s.w.r.o.CachingOperationNameGenerator [40] -  Generating unique operation named: indexUsingHEAD_1
2021-03-16 20:13:06.581 INFO  [main] s.d.s.w.r.o.CachingOperationNameGenerator [40] -  Generating unique operation named: indexUsingPOST_1
2021-03-16 20:13:06.586 INFO  [main] s.d.s.w.r.o.CachingOperationNameGenerator [40] -  Generating unique operation named: indexUsingPUT_1
2021-03-16 20:13:06.588 INFO  [main] s.d.s.w.r.o.CachingOperationNameGenerator [40] -  Generating unique operation named: indexUsingPATCH_1
2021-03-16 20:13:06.593 INFO  [main] s.d.s.w.r.o.CachingOperationNameGenerator [40] -  Generating unique operation named: indexUsingDELETE_1
2021-03-16 20:13:06.596 INFO  [main] s.d.s.w.r.o.CachingOperationNameGenerator [40] -  Generating unique operation named: indexUsingOPTIONS_1
2021-03-16 20:13:06.600 INFO  [main] s.d.s.w.r.o.CachingOperationNameGenerator [40] -  Generating unique operation named: indexUsingTRACE_1
2021-03-16 20:13:06.604 INFO  [main] s.d.s.w.r.o.CachingOperationNameGenerator [40] -  Generating unique operation named: indexUsingGET_2
2021-03-16 20:13:06.608 INFO  [main] s.d.s.w.r.o.CachingOperationNameGenerator [40] -  Generating unique operation named: indexUsingHEAD_2
2021-03-16 20:13:06.610 INFO  [main] s.d.s.w.r.o.CachingOperationNameGenerator [40] -  Generating unique operation named: indexUsingPOST_2
2021-03-16 20:13:06.612 INFO  [main] s.d.s.w.r.o.CachingOperationNameGenerator [40] -  Generating unique operation named: indexUsingPUT_2
2021-03-16 20:13:06.617 INFO  [main] s.d.s.w.r.o.CachingOperationNameGenerator [40] -  Generating unique operation named: indexUsingPATCH_2
2021-03-16 20:13:06.620 INFO  [main] s.d.s.w.r.o.CachingOperationNameGenerator [40] -  Generating unique operation named: indexUsingDELETE_2
2021-03-16 20:13:06.623 INFO  [main] s.d.s.w.r.o.CachingOperationNameGenerator [40] -  Generating unique operation named: indexUsingOPTIONS_2
2021-03-16 20:13:06.626 INFO  [main] s.d.s.w.r.o.CachingOperationNameGenerator [40] -  Generating unique operation named: indexUsingTRACE_2
2021-03-16 20:13:06.651 INFO  [main] s.d.s.w.r.o.CachingOperationNameGenerator [40] -  Generating unique operation named: listItemUsingPOST_1
2021-03-16 20:13:06.685 INFO  [main] s.d.s.w.r.o.CachingOperationNameGenerator [40] -  Generating unique operation named: listItemUsingPOST_2
2021-03-16 20:13:06.690 INFO  [main] s.d.s.w.r.o.CachingOperationNameGenerator [40] -  Generating unique operation named: listItemUsingPOST_3
2021-03-16 20:13:06.927 INFO  [main] o.a.c.h.Http11NioProtocol [173] -  Starting ProtocolHandler ["http-nio-8082"]
2021-03-16 20:13:07.044 INFO  [main] o.s.b.w.e.t.TomcatWebServer [202] -  Tomcat started on port(s): 8082 (http) with context path '/hzman'
2021-03-16 20:13:07.062 INFO  [main] c.c.h.s.WebApplication [59] -  Started WebApplication in 43.36 seconds (JVM running for 50.429)
2021-03-16 20:13:46.238 INFO  [pool-3-thread-1] c.c.h.s.t.ShipmentSpiderTask [101] -  货物入库单爬取开始
2021-03-16 20:14:49.691 WARN  [HikariPool-1 housekeeper] c.z.h.p.HikariPool [766] -  HikariPool-1 - Thread starvation or clock leap detected (housekeeper delta=50s979ms).
2021-03-16 20:15:27.758 INFO  [pool-3-thread-1] c.c.h.s.t.ShipmentSpiderTask [101] -  货物入库单爬取开始
2021-03-16 20:16:50.564 INFO  [Thread-75] o.s.s.c.ThreadPoolTaskScheduler [208] -  Shutting down ExecutorService 'taskScheduler'
2021-03-16 20:16:50.576 INFO  [Thread-75] o.s.s.c.ThreadPoolTaskExecutor [208] -  Shutting down ExecutorService 'backTaskExecutor'
2021-03-16 20:16:50.581 INFO  [Thread-75] c.z.h.HikariDataSource [350] -  HikariPool-1 - Shutdown initiated...
2021-03-16 20:16:50.619 INFO  [pool-3-thread-1] c.c.h.s.t.ShipmentSpiderTask [101] -  货物入库单爬取开始
2021-03-16 20:16:50.627 INFO  [Thread-75] c.z.h.HikariDataSource [352] -  HikariPool-1 - Shutdown completed.
2021-03-16 20:16:50.627 INFO  [pool-3-thread-1] c.c.h.s.t.ShipmentSpiderTask [101] -  货物入库单爬取开始
2021-03-16 20:16:50.633 INFO  [pool-3-thread-1] c.c.h.s.t.ShipmentSpiderTask [101] -  货物入库单爬取开始
2021-03-16 20:16:50.637 INFO  [pool-3-thread-1] c.c.h.s.t.ShipmentSpiderTask [101] -  货物入库单爬取开始
2021-03-16 20:16:50.641 INFO  [pool-3-thread-1] c.c.h.s.t.ShipmentSpiderTask [101] -  货物入库单爬取开始
2021-03-16 20:16:50.645 INFO  [pool-3-thread-1] c.c.h.s.t.ShipmentSpiderTask [101] -  货物入库单爬取开始
2021-03-16 20:16:50.649 INFO  [pool-3-thread-1] c.c.h.s.t.ShipmentSpiderTask [101] -  货物入库单爬取开始
2021-03-16 20:16:50.652 INFO  [pool-3-thread-1] c.c.h.s.t.ShipmentSpiderTask [101] -  货物入库单爬取开始
2021-03-16 20:16:50.661 INFO  [pool-3-thread-1] c.c.h.s.t.ShipmentSpiderTask [101] -  货物入库单爬取开始
2021-03-16 20:16:50.664 INFO  [pool-3-thread-1] c.c.h.s.t.ShipmentSpiderTask [101] -  货物入库单爬取开始
2021-03-16 20:16:50.671 INFO  [pool-3-thread-1] c.c.h.s.t.ShipmentSpiderTask [101] -  货物入库单爬取开始
2021-03-16 20:16:50.675 INFO  [pool-3-thread-1] c.c.h.s.t.ShipmentSpiderTask [101] -  货物入库单爬取开始
2021-03-16 20:16:50.677 INFO  [pool-3-thread-1] c.c.h.s.t.ShipmentSpiderTask [101] -  货物入库单爬取开始
